<?xml version="1.0" encoding="utf-8" standalone="no"?>
<!--This file represents the results of running a test suite-->
<test-results name="C:\Program Files\NUnit V2.1\bin\mock-assembly.dll" total="5" failures="0" not-run="2" date="3/5/2004" time="7:53 AM">
  <test-suite name="C:\Program Files\NUnit V2.1\bin\mock-assembly.dll" success="True" time="0.2703888">
    <results>
      <test-suite name="NUnit" success="True" time="0.2403456">
        <results>
          <test-suite name="Tests" success="True" time="0.2303312">
            <results>
              <test-suite name="Assemblies" success="True" time="0.150216">
                <results>
                  <test-suite name="MockTestFixture" description="Fake Test Fixture" success="True" time="0.1301872">
                    <results>
                      <test-case name="NUnit.Tests.Assemblies.MockTestFixture.MockTest1" description="Mock Test #1" executed="True" success="True" time="0.040" />
                      <test-case name="NUnit.Tests.Assemblies.MockTestFixture.MockTest2" executed="True" success="True" time="0.000" />
                      <test-case name="NUnit.Tests.Assemblies.MockTestFixture.MockTest3" executed="True" success="True" time="0.010" />
                      <test-case name="NUnit.Tests.Assemblies.MockTestFixture.MockTest4" executed="False">
                        <reason>
                          <message><![CDATA[ignoring this test method for now]]></message>
                        </reason>
                      </test-case>
                      <test-case name="NUnit.Tests.Assemblies.MockTestFixture.MockTest5" executed="False">
                        <reason>
                          <message><![CDATA[Method MockTest5's signature is not correct: it must be a public method.]]></message>
                        </reason>
                      </test-case>
                    </results>
                  </test-suite>
                </results>
              </test-suite>
              <test-suite name="Singletons" success="True" time="0.0200288">
                <results>
                  <test-suite name="OneTestCase" success="True" time="0.0100144">
                    <results>
                      <test-case name="NUnit.Tests.Singletons.OneTestCase.TestCase" executed="True" success="True" time="0.010" />
                    </results>
                  </test-suite>
                </results>
              </test-suite>
              <test-suite name="TestAssembly" success="True" time="0.0300432">
                <results>
                  <test-suite name="MockTestFixture" success="True" time="0.0200288">
                    <results>
                      <test-case name="NUnit.Tests.TestAssembly.MockTestFixture.MyTest" executed="True" success="True" time="0.000" />
                    </results>
                  </test-suite>
                </results>
              </test-suite>
            </results>
          </test-suite>
        </results>
      </test-suite>
    </results>
  </test-suite>
</test-results>
